#
# A fatal error has been detected by the Java Runtime Environment:
#
#  EXCEPTION_ACCESS_VIOLATION (0xc0000005) at pc=0x0000000071510574, pid=8856, tid=0x0000000000001a68
#
# JRE version: Java(TM) SE Runtime Environment (8.0_131-b11) (build 1.8.0_131-b11)
# Java VM: Java HotSpot(TM) 64-Bit Server VM (25.131-b11 mixed mode windows-amd64 compressed oops)
# Problematic frame:
# C  [awt.dll+0xd0574]
#
# Failed to write core dump. Minidumps are not enabled by default on client versions of Windows
#
# If you would like to submit a bug report, please visit:
#   http://bugreport.java.com/bugreport/crash.jsp
# The crash happened outside the Java Virtual Machine in native code.
# See problematic frame for where to report the bug.
#

---------------  T H R E A D  ---------------

Current thread (0x00000000198fd800):  JavaThread "AWT-EventQueue-0" [_thread_in_native, id=6760, stack(0x000000001ba90000,0x000000001bb90000)]

siginfo: ExceptionCode=0xc0000005, reading address 0x0000000000000008

Registers:
RAX=0x000000000000000d, RBX=0x00000000198fd9f8, RCX=0x0000000000000000, RDX=0xffffffffca011c5f
RSP=0x000000001bb8c798, RBP=0x00000000198fd9f8, RSI=0x0000000018eb7720, RDI=0x000000001cf8ff70
R8 =0x000000000000551d, R9 =0x0000000000fa0000, R10=0x0000000000ca1c5f, R11=0x0000000000000246
R12=0xffffffffca011c5f, R13=0x0000000000000000, R14=0x00000001000b8918, R15=0x00000000198fd800
RIP=0x0000000071510574, EFLAGS=0x0000000000010206

Top of Stack: (sp=0x000000001bb8c798)
0x000000001bb8c798:   00000000714775e1 00000000198fd9f8
0x000000001bb8c7a8:   0000000018eb7720 000000000049414e
0x000000001bb8c7b8:   000000000049414e 0000000000000000
0x000000001bb8c7c8:   0000000018eb7720 000000001bb8ce58
0x000000001bb8c7d8:   00000000714abe85 00000000198fd9f8
0x000000001bb8c7e8:   0000000000000000 000000001bb8c901
0x000000001bb8c7f8:   00000000198f63c0 000000001d1ac9c0
0x000000001bb8c808:   0000000071473e32 000000001bb8ce58
0x000000001bb8c818:   000000001bb8c910 00000000198fd9f8
0x000000001bb8c828:   000000006f1e88ca 0000000000000000
0x000000001bb8c838:   00000000ffffffff 000000001bb8c930
0x000000001bb8c848:   0000000000000000 00000000198f6b08
0x000000001bb8c858:   000000001ee92d01 0000000000000000
0x000000001bb8c868:   0000000000000002 00000000ffffffff
0x000000001bb8c878:   0000000000000002 ffffffffffffffff
0x000000001bb8c888:   000000001bb8ce60 00000000198fd9f8 

Instructions: (pc=0x0000000071510574)
0x0000000071510554:   41 5e 41 5d 41 5c 5f c3 48 8b 41 08 48 05 00 04
0x0000000071510564:   00 00 c3 cc 48 8b 41 08 48 8b 80 18 0c 00 00 c3
0x0000000071510574:   48 8b 49 08 48 85 c9 74 05 e9 56 a8 fe ff 33 c0
0x0000000071510584:   c3 cc cc cc 48 83 ec 28 48 8b 49 08 48 85 c9 74 


Register to memory mapping:

RAX=0x000000000000000d is an unknown value
RBX=0x00000000198fd9f8 is an unknown value
RCX=0x0000000000000000 is an unknown value
RDX=0xffffffffca011c5f is an unknown value
RSP=0x000000001bb8c798 is pointing into the stack for thread: 0x00000000198fd800
RBP=0x00000000198fd9f8 is an unknown value
RSI=0x0000000018eb7720 is an unknown value
RDI=0x000000001cf8ff70 is an unknown value
R8 =0x000000000000551d is an unknown value
R9 =0x0000000000fa0000 is an unknown value
R10=0x0000000000ca1c5f is an unknown value
R11=0x0000000000000246 is an unknown value
R12=0xffffffffca011c5f is an unknown value
R13=0x0000000000000000 is an unknown value
R14=0x00000001000b8918 is pointing into metadata
R15=0x00000000198fd800 is a thread


Stack: [0x000000001ba90000,0x000000001bb90000],  sp=0x000000001bb8c798,  free space=1009k
Native frames: (J=compiled Java code, j=interpreted, Vv=VM code, C=native code)
C  [awt.dll+0xd0574]

Java frames: (J=compiled Java code, j=interpreted, Vv=VM code)
J 3687  sun.java2d.windows.GDIBlitLoops.nativeBlit(Lsun/java2d/SurfaceData;Lsun/java2d/SurfaceData;Lsun/java2d/pipe/Region;IIIIIIIIIZ)V (0 bytes) @ 0x000000000332d7ac [0x000000000332d6c0+0xec]
J 4557 C2 sun.java2d.pipe.DrawImage.renderImageCopy(Lsun/java2d/SunGraphics2D;Ljava/awt/Image;Ljava/awt/Color;IIIIII)Z (147 bytes) @ 0x0000000003552764 [0x0000000003552360+0x404]
J 2977 C1 sun.java2d.pipe.DrawImage.copyImage(Lsun/java2d/SunGraphics2D;Ljava/awt/Image;IILjava/awt/Color;)Z (105 bytes) @ 0x0000000003246a0c [0x0000000003246460+0x5ac]
J 2976 C1 sun.java2d.pipe.DrawImage.copyImage(Lsun/java2d/SunGraphics2D;Ljava/awt/Image;IILjava/awt/Color;Ljava/awt/image/ImageObserver;)Z (60 bytes) @ 0x0000000003244ecc [0x00000000032447e0+0x6ec]
J 2975 C1 sun.java2d.pipe.ValidatePipe.copyImage(Lsun/java2d/SunGraphics2D;Ljava/awt/Image;IILjava/awt/Color;Ljava/awt/image/ImageObserver;)Z (29 bytes) @ 0x00000000032438d4 [0x00000000032434c0+0x414]
J 2780 C1 sun.java2d.SunGraphics2D.drawImage(Ljava/awt/Image;IILjava/awt/Color;Ljava/awt/image/ImageObserver;)Z (145 bytes) @ 0x00000000031b0cc4 [0x00000000031b0380+0x944]
J 2779 C1 sun.java2d.SunGraphics2D.drawImage(Ljava/awt/Image;IILjava/awt/image/ImageObserver;)Z (11 bytes) @ 0x00000000031aff84 [0x00000000031afe80+0x104]
J 3604 C1 javax.swing.RepaintManager$PaintManager.paintDoubleBuffered(Ljavax/swing/JComponent;Ljava/awt/Image;Ljava/awt/Graphics;IIII)V (294 bytes) @ 0x0000000002b1efe4 [0x0000000002b1e6a0+0x944]
J 3458 C1 javax.swing.RepaintManager$PaintManager.paint(Ljavax/swing/JComponent;Ljavax/swing/JComponent;Ljava/awt/Graphics;IIII)Z (189 bytes) @ 0x0000000002e3659c [0x0000000002e35900+0xc9c]
J 3241 C1 javax.swing.RepaintManager.paint(Ljavax/swing/JComponent;Ljavax/swing/JComponent;Ljava/awt/Graphics;IIII)V (93 bytes) @ 0x0000000002af7d3c [0x0000000002af7860+0x4dc]
J 4406 C2 javax.swing.JComponent.paint(Ljava/awt/Graphics;)V (409 bytes) @ 0x00000000034cb6e8 [0x00000000034cb0c0+0x628]
j  java.awt.GraphicsCallback$PaintCallback.run(Ljava/awt/Component;Ljava/awt/Graphics;)V+2
j  sun.awt.SunGraphicsCallback.runOneComponent(Ljava/awt/Component;Ljava/awt/Rectangle;Ljava/awt/Graphics;Ljava/awt/Shape;I)V+155
j  sun.awt.SunGraphicsCallback.runComponents([Ljava/awt/Component;Ljava/awt/Graphics;I)V+194
j  java.awt.Container.paint(Ljava/awt/Graphics;)V+58
j  java.awt.Window.paint(Ljava/awt/Graphics;)V+68
J 3292 C1 javax.swing.RepaintManager$4.run()Ljava/lang/Void; (278 bytes) @ 0x00000000032dbacc [0x00000000032daf20+0xbac]
J 3138 C1 javax.swing.RepaintManager$4.run()Ljava/lang/Object; (5 bytes) @ 0x00000000032c3b4c [0x00000000032c3ac0+0x8c]
v  ~StubRoutines::call_stub
J 1250  java.security.AccessController.doPrivileged(Ljava/security/PrivilegedAction;Ljava/security/AccessControlContext;)Ljava/lang/Object; (0 bytes) @ 0x0000000002cc7ce6 [0x0000000002cc7c80+0x66]
J 3401 C1 javax.swing.RepaintManager.paintDirtyRegions(Ljava/util/Map;)V (196 bytes) @ 0x0000000002b7085c [0x0000000002b6f240+0x161c]
J 3400 C1 javax.swing.RepaintManager.paintDirtyRegions()V (50 bytes) @ 0x0000000002adcb2c [0x0000000002adc8c0+0x26c]
J 3399 C1 javax.swing.RepaintManager.prePaintDirtyRegions()V (91 bytes) @ 0x0000000002c2f264 [0x0000000002c2ec40+0x624]
J 3155 C1 javax.swing.RepaintManager$ProcessingRunnable.run()V (41 bytes) @ 0x0000000002a55f34 [0x0000000002a55ce0+0x254]
J 4490 C2 java.awt.EventQueue$3.run()Ljava/lang/Object; (5 bytes) @ 0x00000000034f92b4 [0x00000000034f8fe0+0x2d4]
v  ~StubRoutines::call_stub
J 1250  java.security.AccessController.doPrivileged(Ljava/security/PrivilegedAction;Ljava/security/AccessControlContext;)Ljava/lang/Object; (0 bytes) @ 0x0000000002cc7ce6 [0x0000000002cc7c80+0x66]
J 4445 C2 java.awt.EventDispatchThread.pumpOneEventForFilters(I)V (295 bytes) @ 0x0000000003522c68 [0x0000000003521fc0+0xca8]
j  java.awt.EventDispatchThread.pumpEventsForFilter(ILjava/awt/Conditional;Ljava/awt/EventFilter;)V+35
j  java.awt.EventDispatchThread.pumpEventsForHierarchy(ILjava/awt/Conditional;Ljava/awt/Component;)V+11
j  java.awt.EventDispatchThread.pumpEvents(ILjava/awt/Conditional;)V+4
j  java.awt.EventDispatchThread.pumpEvents(Ljava/awt/Conditional;)V+3
j  java.awt.EventDispatchThread.run()V+9
v  ~StubRoutines::call_stub

---------------  P R O C E S S  ---------------

Java Threads: ( => current thread )
  0x0000000019b88000 JavaThread "TimerQueue" daemon [_thread_blocked, id=11908, stack(0x000000001be90000,0x000000001bf90000)]
  0x00000000027c4800 JavaThread "DestroyJavaVM" [_thread_blocked, id=9536, stack(0x00000000026c0000,0x00000000027c0000)]
=>0x00000000198fd800 JavaThread "AWT-EventQueue-0" [_thread_in_native, id=6760, stack(0x000000001ba90000,0x000000001bb90000)]
  0x00000000198e9800 JavaThread "AWT-Windows" daemon [_thread_in_native, id=16712, stack(0x000000001a170000,0x000000001a270000)]
  0x000000001989d000 JavaThread "AWT-Shutdown" [_thread_blocked, id=15284, stack(0x000000001a070000,0x000000001a170000)]
  0x000000001989c800 JavaThread "Java2D Disposer" daemon [_thread_blocked, id=4904, stack(0x0000000019f70000,0x000000001a070000)]
  0x0000000018dbc800 JavaThread "Service Thread" daemon [_thread_blocked, id=12888, stack(0x0000000019170000,0x0000000019270000)]
  0x000000001742a000 JavaThread "C1 CompilerThread2" daemon [_thread_blocked, id=12164, stack(0x0000000018c70000,0x0000000018d70000)]
  0x0000000017426800 JavaThread "C2 CompilerThread1" daemon [_thread_in_native, id=11120, stack(0x0000000018b70000,0x0000000018c70000)]
  0x0000000017423800 JavaThread "C2 CompilerThread0" daemon [_thread_blocked, id=4396, stack(0x0000000018a70000,0x0000000018b70000)]
  0x0000000017422800 JavaThread "Attach Listener" daemon [_thread_blocked, id=636, stack(0x0000000018970000,0x0000000018a70000)]
  0x0000000017421000 JavaThread "Signal Dispatcher" daemon [_thread_blocked, id=10340, stack(0x0000000018870000,0x0000000018970000)]
  0x000000001740a800 JavaThread "Finalizer" daemon [_thread_blocked, id=2268, stack(0x0000000018680000,0x0000000018780000)]
  0x00000000028b5000 JavaThread "Reference Handler" daemon [_thread_blocked, id=18608, stack(0x0000000018580000,0x0000000018680000)]

Other Threads:
  0x00000000173e6800 VMThread [stack: 0x0000000018480000,0x0000000018580000] [id=18160]
  0x0000000018dc6000 WatcherThread [stack: 0x0000000019270000,0x0000000019370000] [id=12084]

VM state:not at safepoint (normal execution)

VM Mutex/Monitor currently owned by a thread: None

Heap:
 PSYoungGen      total 64512K, used 8983K [0x00000000d5d00000, 0x00000000dd000000, 0x0000000100000000)
  eden space 22528K, 39% used [0x00000000d5d00000,0x00000000d65c5fe8,0x00000000d7300000)
  from space 41984K, 0% used [0x00000000d7300000,0x00000000d7300000,0x00000000d9c00000)
  to   space 47616K, 0% used [0x00000000da180000,0x00000000da180000,0x00000000dd000000)
 ParOldGen       total 102912K, used 18141K [0x0000000081600000, 0x0000000087a80000, 0x00000000d5d00000)
  object space 102912K, 17% used [0x0000000081600000,0x00000000827b7608,0x0000000087a80000)
 Metaspace       used 27313K, capacity 27542K, committed 27904K, reserved 1073152K
  class space    used 3189K, capacity 3279K, committed 3328K, reserved 1048576K

Card table byte_map: [0x0000000011c80000,0x0000000012080000] byte_map_base: 0x0000000011875000

Marking Bits: (ParMarkBitMap*) 0x000000006f7bc720
 Begin Bits: [0x0000000012730000, 0x00000000146d8000)
 End Bits:   [0x00000000146d8000, 0x0000000016680000)

Polling page: 0x0000000000d70000

CodeCache: size=245760Kb used=13739Kb max_used=13739Kb free=232020Kb
 bounds [0x00000000028c0000, 0x0000000003640000, 0x00000000118c0000]
 total_blobs=4730 nmethods=4142 adapters=499
 compilation: enabled

Compilation events (10 events):
Event: 46354.831 Thread 0x000000001742a000 nmethod 4904 0x0000000003634b90 code [0x0000000003635180, 0x0000000003639f08]
Event: 228740.570 Thread 0x000000001742a000 4905       3       javax.swing.GroupLayout$SequentialGroup::setValidSizeNotPreferred (371 bytes)
Event: 228740.573 Thread 0x000000001742a000 nmethod 4905 0x0000000003629b90 code [0x0000000003629ec0, 0x000000000362c178]
Event: 228740.573 Thread 0x000000001742a000 4906       3       java.util.ComparableTimSort::sort (219 bytes)
Event: 228740.577 Thread 0x000000001742a000 nmethod 4906 0x0000000003628e10 code [0x0000000003629000, 0x0000000003629698]
Event: 228740.577 Thread 0x000000001742a000 4907       3       java.awt.Container::getListenersCount (52 bytes)
Event: 228740.577 Thread 0x000000001742a000 nmethod 4907 0x00000000036231d0 code [0x0000000003623360, 0x0000000003623858]
Event: 228740.584 Thread 0x0000000017426800 4908       4       javax.swing.GroupLayout$ComponentSpring::getBaseline (61 bytes)
Event: 228741.521 Thread 0x000000001742a000 4909   !   3       sun.java2d.SunGraphics2D::validateCompClip (224 bytes)
Event: 228741.523 Thread 0x000000001742a000 nmethod 4909 0x000000000363ce90 code [0x000000000363d1c0, 0x000000000363f148]

GC Heap History (10 events):
Event: 10449.324 GC heap before
{Heap before GC invocations=7 (full 1):
 PSYoungGen      total 37888K, used 36957K [0x00000000d5d00000, 0x00000000dc500000, 0x0000000100000000)
  eden space 32768K, 100% used [0x00000000d5d00000,0x00000000d7d00000,0x00000000d7d00000)
  from space 5120K, 81% used [0x00000000d7d80000,0x00000000d81977e0,0x00000000d8280000)
  to   space 36864K, 0% used [0x00000000da100000,0x00000000da100000,0x00000000dc500000)
 ParOldGen       total 98304K, used 17937K [0x0000000081600000, 0x0000000087600000, 0x00000000d5d00000)
  object space 98304K, 18% used [0x0000000081600000,0x0000000082784418,0x0000000087600000)
 Metaspace       used 27068K, capacity 27328K, committed 27648K, reserved 1073152K
  class space    used 3196K, capacity 3298K, committed 3328K, reserved 1048576K
Event: 10449.347 GC heap after
Heap after GC invocations=7 (full 1):
 PSYoungGen      total 59392K, used 36418K [0x00000000d5d00000, 0x00000000dd880000, 0x0000000100000000)
  eden space 22528K, 0% used [0x00000000d5d00000,0x00000000d5d00000,0x00000000d7300000)
  from space 36864K, 98% used [0x00000000da100000,0x00000000dc490bb0,0x00000000dc500000)
  to   space 47104K, 0% used [0x00000000d7300000,0x00000000d7300000,0x00000000da100000)
 ParOldGen       total 98304K, used 17945K [0x0000000081600000, 0x0000000087600000, 0x00000000d5d00000)
  object space 98304K, 18% used [0x0000000081600000,0x0000000082786418,0x0000000087600000)
 Metaspace       used 27068K, capacity 27328K, committed 27648K, reserved 1073152K
  class space    used 3196K, capacity 3298K, committed 3328K, reserved 1048576K
}
Event: 10651.075 GC heap before
{Heap before GC invocations=8 (full 1):
 PSYoungGen      total 59392K, used 58946K [0x00000000d5d00000, 0x00000000dd880000, 0x0000000100000000)
  eden space 22528K, 100% used [0x00000000d5d00000,0x00000000d7300000,0x00000000d7300000)
  from space 36864K, 98% used [0x00000000da100000,0x00000000dc490bb0,0x00000000dc500000)
  to   space 47104K, 0% used [0x00000000d7300000,0x00000000d7300000,0x00000000da100000)
 ParOldGen       total 98304K, used 17945K [0x0000000081600000, 0x0000000087600000, 0x00000000d5d00000)
  object space 98304K, 18% used [0x0000000081600000,0x0000000082786418,0x0000000087600000)
 Metaspace       used 27242K, capacity 27528K, committed 27648K, reserved 1073152K
  class space    used 3202K, capacity 3310K, committed 3328K, reserved 1048576K
Event: 10651.082 GC heap after
Heap after GC invocations=8 (full 1):
 PSYoungGen      total 36864K, used 14012K [0x00000000d5d00000, 0x00000000dc700000, 0x0000000100000000)
  eden space 22528K, 0% used [0x00000000d5d00000,0x00000000d5d00000,0x00000000d7300000)
  from space 14336K, 97% used [0x00000000d7300000,0x00000000d80af210,0x00000000d8100000)
  to   space 43008K, 0% used [0x00000000d9d00000,0x00000000d9d00000,0x00000000dc700000)
 ParOldGen       total 98304K, used 17953K [0x0000000081600000, 0x0000000087600000, 0x00000000d5d00000)
  object space 98304K, 18% used [0x0000000081600000,0x0000000082788418,0x0000000087600000)
 Metaspace       used 27242K, capacity 27528K, committed 27648K, reserved 1073152K
  class space    used 3202K, capacity 3310K, committed 3328K, reserved 1048576K
}
Event: 36275.436 GC heap before
{Heap before GC invocations=9 (full 1):
 PSYoungGen      total 36864K, used 33080K [0x00000000d5d00000, 0x00000000dc700000, 0x0000000100000000)
  eden space 22528K, 84% used [0x00000000d5d00000,0x00000000d6f9f198,0x00000000d7300000)
  from space 14336K, 97% used [0x00000000d7300000,0x00000000d80af210,0x00000000d8100000)
  to   space 43008K, 0% used [0x00000000d9d00000,0x00000000d9d00000,0x00000000dc700000)
 ParOldGen       total 98304K, used 40669K [0x0000000081600000, 0x0000000087600000, 0x00000000d5d00000)
  object space 98304K, 41% used [0x0000000081600000,0x0000000083db7438,0x0000000087600000)
 Metaspace       used 27373K, capacity 27670K, committed 27904K, reserved 1073152K
  class space    used 3208K, capacity 3315K, committed 3328K, reserved 1048576K
Event: 36275.498 GC heap after
Heap after GC invocations=9 (full 1):
 PSYoungGen      total 63488K, used 3593K [0x00000000d5d00000, 0x00000000dc500000, 0x0000000100000000)
  eden space 22528K, 0% used [0x00000000d5d00000,0x00000000d5d00000,0x00000000d7300000)
  from space 40960K, 8% used [0x00000000d9d00000,0x00000000da082788,0x00000000dc500000)
  to   space 41984K, 0% used [0x00000000d7300000,0x00000000d7300000,0x00000000d9c00000)
 ParOldGen       total 98304K, used 40677K [0x0000000081600000, 0x0000000087600000, 0x00000000d5d00000)
  object space 98304K, 41% used [0x0000000081600000,0x0000000083db9438,0x0000000087600000)
 Metaspace       used 27373K, capacity 27670K, committed 27904K, reserved 1073152K
  class space    used 3208K, capacity 3315K, committed 3328K, reserved 1048576K
}
Event: 38508.777 GC heap before
{Heap before GC invocations=10 (full 1):
 PSYoungGen      total 63488K, used 26121K [0x00000000d5d00000, 0x00000000dc500000, 0x0000000100000000)
  eden space 22528K, 100% used [0x00000000d5d00000,0x00000000d7300000,0x00000000d7300000)
  from space 40960K, 8% used [0x00000000d9d00000,0x00000000da082788,0x00000000dc500000)
  to   space 41984K, 0% used [0x00000000d7300000,0x00000000d7300000,0x00000000d9c00000)
 ParOldGen       total 98304K, used 40677K [0x0000000081600000, 0x0000000087600000, 0x00000000d5d00000)
  object space 98304K, 41% used [0x0000000081600000,0x0000000083db9438,0x0000000087600000)
 Metaspace       used 27411K, capacity 27734K, committed 27904K, reserved 1073152K
  class space    used 3209K, capacity 3315K, committed 3328K, reserved 1048576K
Event: 38508.837 GC heap after
Heap after GC invocations=10 (full 1):
 PSYoungGen      total 64512K, used 35740K [0x00000000d5d00000, 0x00000000dd000000, 0x0000000100000000)
  eden space 22528K, 0% used [0x00000000d5d00000,0x00000000d5d00000,0x00000000d7300000)
  from space 41984K, 85% used [0x00000000d7300000,0x00000000d95e70e8,0x00000000d9c00000)
  to   space 47616K, 0% used [0x00000000da180000,0x00000000da180000,0x00000000dd000000)
 ParOldGen       total 98304K, used 40685K [0x0000000081600000, 0x0000000087600000, 0x00000000d5d00000)
  object space 98304K, 41% used [0x0000000081600000,0x0000000083dbb438,0x0000000087600000)
 Metaspace       used 27411K, capacity 27734K, committed 27904K, reserved 1073152K
  class space    used 3209K, capacity 3315K, committed 3328K, reserved 1048576K
}
Event: 228740.601 GC heap before
{Heap before GC invocations=11 (full 2):
 PSYoungGen      total 64512K, used 55514K [0x00000000d5d00000, 0x00000000dd000000, 0x0000000100000000)
  eden space 22528K, 87% used [0x00000000d5d00000,0x00000000d704fa18,0x00000000d7300000)
  from space 41984K, 85% used [0x00000000d7300000,0x00000000d95e70e8,0x00000000d9c00000)
  to   space 47616K, 0% used [0x00000000da180000,0x00000000da180000,0x00000000dd000000)
 ParOldGen       total 98304K, used 64411K [0x0000000081600000, 0x0000000087600000, 0x00000000d5d00000)
  object space 98304K, 65% used [0x0000000081600000,0x00000000854e6d58,0x0000000087600000)
 Metaspace       used 27433K, capacity 27734K, committed 27904K, reserved 1073152K
  class space    used 3209K, capacity 3315K, committed 3328K, reserved 1048576K
Event: 228741.411 GC heap after
Heap after GC invocations=11 (full 2):
 PSYoungGen      total 64512K, used 0K [0x00000000d5d00000, 0x00000000dd000000, 0x0000000100000000)
  eden space 22528K, 0% used [0x00000000d5d00000,0x00000000d5d00000,0x00000000d7300000)
  from space 41984K, 0% used [0x00000000d7300000,0x00000000d7300000,0x00000000d9c00000)
  to   space 47616K, 0% used [0x00000000da180000,0x00000000da180000,0x00000000dd000000)
 ParOldGen       total 102912K, used 18141K [0x0000000081600000, 0x0000000087a80000, 0x00000000d5d00000)
  object space 102912K, 17% used [0x0000000081600000,0x00000000827b7608,0x0000000087a80000)
 Metaspace       used 27313K, capacity 27542K, committed 27904K, reserved 1073152K
  class space    used 3189K, capacity 3279K, committed 3328K, reserved 1048576K
}

Deoptimization events (10 events):
Event: 36262.898 Thread 0x00000000198e9800 Uncommon trap: reason=unstable_if action=reinterpret pc=0x0000000003081f98 method=java.util.Arrays.equals([B[B)Z @ 2
Event: 36275.364 Thread 0x00000000198fd800 Uncommon trap: reason=class_check action=maybe_recompile pc=0x0000000003265104 method=java.awt.Container.validate()V @ 35
Event: 38492.033 Thread 0x00000000198fd800 Uncommon trap: reason=unstable_if action=reinterpret pc=0x0000000002c046ac method=java.awt.geom.AffineTransform.updateState()V @ 148
Event: 38492.034 Thread 0x00000000198fd800 Uncommon trap: reason=unstable_if action=reinterpret pc=0x00000000032ab384 method=java.awt.geom.AffineTransform.translate(DD)V @ 249
Event: 45067.160 Thread 0x00000000198fd800 Uncommon trap: reason=class_check action=maybe_recompile pc=0x0000000003265104 method=java.awt.Container.validate()V @ 35
Event: 45076.636 Thread 0x00000000198fd800 Uncommon trap: reason=class_check action=maybe_recompile pc=0x0000000003265104 method=java.awt.Container.validate()V @ 35
Event: 45076.753 Thread 0x00000000198fd800 Uncommon trap: reason=unstable_if action=reinterpret pc=0x00000000035ae46c method=sun.java2d.pipe.Region.isInsideXYXY(IIII)Z @ 30
Event: 45076.766 Thread 0x00000000198fd800 Uncommon trap: reason=unstable_if action=reinterpret pc=0x00000000033a5e54 method=sun.java2d.pipe.Region.isInsideXYXY(IIII)Z @ 30
Event: 45076.767 Thread 0x00000000198fd800 Uncommon trap: reason=unstable_if action=reinterpret pc=0x0000000002b4bd34 method=sun.java2d.pipe.Region.isInsideXYXY(IIII)Z @ 30
Event: 228741.585 Thread 0x00000000198fd800 Uncommon trap: reason=unstable_if action=reinterpret pc=0x000000000338e788 method=sun.java2d.pipe.Region.isInsideXYXY(IIII)Z @ 30

Internal exceptions (10 events):
Event: 105.015 Thread 0x00000000198fd800 Exception <a 'java/lang/ArrayIndexOutOfBoundsException': 85> (0x00000000d64b72b8) thrown at [C:\re\workspace\8-2-build-windows-amd64-cygwin\jdk8u131\8869\hotspot\src\share\vm\interpreter\interpreterRuntime.cpp, line 366]
Event: 133.459 Thread 0x00000000198fd800 Implicit null exception at 0x0000000002dec4a7 to 0x0000000002deeea1
Event: 7676.683 Thread 0x00000000198fd800 Implicit null exception at 0x00000000033a4b66 to 0x00000000033a73bd
Event: 9944.127 Thread 0x00000000198fd800 Implicit null exception at 0x0000000002c4f8bb to 0x0000000002c4fe45
Event: 10443.895 Thread 0x00000000198fd800 Implicit null exception at 0x0000000003051465 to 0x00000000030516ed
Event: 10659.051 Thread 0x00000000198fd800 Implicit null exception at 0x0000000003580b69 to 0x0000000003587801
Event: 36275.550 Thread 0x000000001740a800 Exception <a 'java/net/SocketException': Software caused connection abort: socket write error> (0x00000000d67911d8) thrown at [C:\re\workspace\8-2-build-windows-amd64-cygwin\jdk8u131\8869\hotspot\src\share\vm\prims\jni.cpp, line 735]
Event: 36275.561 Thread 0x000000001740a800 Exception <a 'java/net/SocketException': Software caused connection abort: socket write error> (0x00000000d6792138) thrown at [C:\re\workspace\8-2-build-windows-amd64-cygwin\jdk8u131\8869\hotspot\src\share\vm\prims\jni.cpp, line 735]
Event: 36275.566 Thread 0x000000001740a800 Exception <a 'java/net/SocketException': Software caused connection abort: socket write error> (0x00000000d6793310) thrown at [C:\re\workspace\8-2-build-windows-amd64-cygwin\jdk8u131\8869\hotspot\src\share\vm\prims\jni.cpp, line 735]
Event: 36275.568 Thread 0x000000001740a800 Exception <a 'java/net/SocketException': Software caused connection abort: socket write error> (0x00000000d6794480) thrown at [C:\re\workspace\8-2-build-windows-amd64-cygwin\jdk8u131\8869\hotspot\src\share\vm\prims\jni.cpp, line 735]

Events (10 events):
Event: 45076.766 Thread 0x00000000198fd800 DEOPT PACKING pc=0x00000000033a5e54 sp=0x000000001bb8d1c0
Event: 45076.766 Thread 0x00000000198fd800 DEOPT UNPACKING pc=0x000000000290582a sp=0x000000001bb8cdb0 mode 2
Event: 45076.767 Thread 0x00000000198fd800 Uncommon trap: trap_request=0xffffff65 fr.pc=0x0000000002b4bd34
Event: 45076.767 Thread 0x00000000198fd800 DEOPT PACKING pc=0x0000000002b4bd34 sp=0x000000001bb8cde0
Event: 45076.767 Thread 0x00000000198fd800 DEOPT UNPACKING pc=0x000000000290582a sp=0x000000001bb8cba0 mode 2
Event: 228740.599 Executing VM operation: ParallelGCFailedAllocation
Event: 228741.412 Executing VM operation: ParallelGCFailedAllocation done
Event: 228741.585 Thread 0x00000000198fd800 Uncommon trap: trap_request=0xffffff65 fr.pc=0x000000000338e788
Event: 228741.585 Thread 0x00000000198fd800 DEOPT PACKING pc=0x000000000338e788 sp=0x000000001bb8d0c0
Event: 228741.585 Thread 0x00000000198fd800 DEOPT UNPACKING pc=0x000000000290582a sp=0x000000001bb8cfd8 mode 2


Dynamic libraries:
0x00007ff7666f0000 - 0x00007ff766727000 	C:\Program Files\Java\jdk1.8.0_131\bin\java.exe
0x00007ffff4350000 - 0x00007ffff452b000 	C:\WINDOWS\SYSTEM32\ntdll.dll
0x00007ffff3ff0000 - 0x00007ffff409e000 	C:\WINDOWS\System32\KERNEL32.DLL
0x00007ffff0ba0000 - 0x00007ffff0de9000 	C:\WINDOWS\System32\KERNELBASE.dll
0x00007ffff42a0000 - 0x00007ffff4341000 	C:\WINDOWS\System32\ADVAPI32.dll
0x00007ffff1900000 - 0x00007ffff199d000 	C:\WINDOWS\System32\msvcrt.dll
0x00007ffff40d0000 - 0x00007ffff4129000 	C:\WINDOWS\System32\sechost.dll
0x00007ffff21c0000 - 0x00007ffff22e5000 	C:\WINDOWS\System32\RPCRT4.dll
0x00007ffff1bd0000 - 0x00007ffff1d1a000 	C:\WINDOWS\System32\USER32.dll
0x00007ffff1890000 - 0x00007ffff18ae000 	C:\WINDOWS\System32\win32u.dll
0x00007ffff40a0000 - 0x00007ffff40c7000 	C:\WINDOWS\System32\GDI32.dll
0x00007ffff0970000 - 0x00007ffff0af8000 	C:\WINDOWS\System32\gdi32full.dll
0x00007ffff0b00000 - 0x00007ffff0b9a000 	C:\WINDOWS\System32\msvcp_win.dll
0x00007ffff1560000 - 0x00007ffff1656000 	C:\WINDOWS\System32\ucrtbase.dll
0x00007fffe2170000 - 0x00007fffe23d7000 	C:\WINDOWS\WinSxS\amd64_microsoft.windows.common-controls_6595b64144ccf1df_6.0.15063.483_none_26002d27e7c744a2\COMCTL32.dll
0x00007ffff1d20000 - 0x00007ffff2019000 	C:\WINDOWS\System32\combase.dll
0x00007ffff14f0000 - 0x00007ffff155a000 	C:\WINDOWS\System32\bcryptPrimitives.dll
0x00007ffff18d0000 - 0x00007ffff18fd000 	C:\WINDOWS\System32\IMM32.DLL
0x0000000071770000 - 0x0000000071842000 	C:\Program Files\Java\jdk1.8.0_131\jre\bin\msvcr100.dll
0x000000006efa0000 - 0x000000006f83c000 	C:\Program Files\Java\jdk1.8.0_131\jre\bin\server\jvm.dll
0x00007ffff3b30000 - 0x00007ffff3b38000 	C:\WINDOWS\System32\PSAPI.DLL
0x00007fffe70d0000 - 0x00007fffe70d9000 	C:\WINDOWS\SYSTEM32\WSOCK32.dll
0x00007ffff3b40000 - 0x00007ffff3bac000 	C:\WINDOWS\System32\WS2_32.dll
0x00007fffe7ef0000 - 0x00007fffe7f13000 	C:\WINDOWS\SYSTEM32\WINMM.dll
0x00007fffe1520000 - 0x00007fffe152a000 	C:\WINDOWS\SYSTEM32\VERSION.dll
0x00007fffe7ec0000 - 0x00007fffe7eeb000 	C:\WINDOWS\SYSTEM32\WINMMBASE.dll
0x00007ffff0920000 - 0x00007ffff0969000 	C:\WINDOWS\System32\cfgmgr32.dll
0x0000000071c90000 - 0x0000000071c9f000 	C:\Program Files\Java\jdk1.8.0_131\jre\bin\verify.dll
0x0000000071c60000 - 0x0000000071c89000 	C:\Program Files\Java\jdk1.8.0_131\jre\bin\java.dll
0x0000000071c00000 - 0x0000000071c16000 	C:\Program Files\Java\jdk1.8.0_131\jre\bin\zip.dll
0x00007ffff2460000 - 0x00007ffff3897000 	C:\WINDOWS\System32\SHELL32.dll
0x00007ffff39b0000 - 0x00007ffff3a5a000 	C:\WINDOWS\System32\shcore.dll
0x00007ffff0df0000 - 0x00007ffff14e3000 	C:\WINDOWS\System32\windows.storage.dll
0x00007ffff19a0000 - 0x00007ffff19f1000 	C:\WINDOWS\System32\shlwapi.dll
0x00007ffff0850000 - 0x00007ffff0861000 	C:\WINDOWS\System32\kernel.appcore.dll
0x00007ffff0800000 - 0x00007ffff084c000 	C:\WINDOWS\System32\powrprof.dll
0x00007ffff07c0000 - 0x00007ffff07d5000 	C:\WINDOWS\System32\profapi.dll
0x0000000071440000 - 0x00000000715d8000 	C:\Program Files\Java\jdk1.8.0_131\jre\bin\awt.dll
0x00007ffff3a70000 - 0x00007ffff3b30000 	C:\WINDOWS\System32\OLEAUT32.dll
0x00007fffeed70000 - 0x00007fffeedee000 	C:\WINDOWS\SYSTEM32\apphelp.dll
0x00007fffeef00000 - 0x00007fffeef95000 	C:\WINDOWS\system32\uxtheme.dll
0x00007ffff4130000 - 0x00007ffff4296000 	C:\WINDOWS\System32\MSCTF.dll
0x00007fffe33b0000 - 0x00007fffe3451000 	C:\Program Files\Common Files\microsoft shared\ink\tiptsf.dll
0x00007fffe7e00000 - 0x00007fffe7e2a000 	C:\WINDOWS\system32\dwmapi.dll
0x00007ffff1a80000 - 0x00007ffff1bc5000 	C:\WINDOWS\System32\ole32.dll
0x00000000716e0000 - 0x0000000071727000 	C:\Program Files\Java\jdk1.8.0_131\jre\bin\fontmanager.dll
0x00007fffcb4d0000 - 0x00007fffcb5f1000 	C:\WINDOWS\system32\opengl32.dll
0x00007fffdf810000 - 0x00007fffdf83c000 	C:\WINDOWS\SYSTEM32\GLU32.dll
0x0000000071750000 - 0x000000007176a000 	C:\Program Files\Java\jdk1.8.0_131\jre\bin\net.dll
0x00007ffff0070000 - 0x00007ffff00cc000 	C:\WINDOWS\system32\mswsock.dll
0x0000000071730000 - 0x0000000071741000 	C:\Program Files\Java\jdk1.8.0_131\jre\bin\nio.dll
0x00000000713f0000 - 0x0000000071432000 	C:\Program Files\Java\jdk1.8.0_131\jre\bin\t2k.dll
0x00007ffff2350000 - 0x00007ffff23ee000 	C:\WINDOWS\System32\clbcatq.dll
0x00007fffe5810000 - 0x00007fffe59bc000 	C:\WINDOWS\SYSTEM32\WindowsCodecs.dll
0x00007fffe26d0000 - 0x00007fffe2717000 	C:\WINDOWS\system32\dataexchange.dll
0x00007fffedf20000 - 0x00007fffee1ff000 	C:\WINDOWS\system32\d3d11.dll
0x00007fffee8a0000 - 0x00007fffee9c2000 	C:\WINDOWS\system32\dcomp.dll
0x00007fffef630000 - 0x00007fffef6d4000 	C:\WINDOWS\system32\dxgi.dll
0x00007fffef170000 - 0x00007fffef2e0000 	C:\WINDOWS\system32\twinapi.appcore.dll
0x00007ffff0690000 - 0x00007ffff06b5000 	C:\WINDOWS\system32\bcrypt.dll
0x00007fffe2460000 - 0x00007fffe2625000 	C:\Windows\System32\uiautomationcore.dll
0x00007ffff05f0000 - 0x00007ffff068a000 	C:\WINDOWS\SYSTEM32\sxs.dll
0x00007fffee7b0000 - 0x00007fffee893000 	C:\Windows\System32\CoreMessaging.dll
0x00007fffe71b0000 - 0x00007fffe7482000 	C:\Windows\System32\CoreUIComponents.dll
0x00007fffefac0000 - 0x00007fffefaf1000 	C:\WINDOWS\SYSTEM32\ntmarta.dll
0x00007fffecf10000 - 0x00007fffed049000 	C:\WINDOWS\SYSTEM32\wintypes.dll
0x00007fffed660000 - 0x00007fffed675000 	C:\WINDOWS\SYSTEM32\usermgrcli.dll
0x00000000713c0000 - 0x00000000713ea000 	C:\Program Files\Java\jdk1.8.0_131\jre\bin\dcpr.dll
0x00007fffe7490000 - 0x00007fffe7512000 	C:\WINDOWS\System32\TextInputFramework.dll
0x00007fffe3210000 - 0x00007fffe327b000 	C:\Windows\System32\OLEACC.dll
0x00007fffe3500000 - 0x00007fffe3582000 	C:\WINDOWS\SYSTEM32\twinapi.dll
0x0000000071390000 - 0x00000000713b4000 	C:\Program Files\Java\jdk1.8.0_131\jre\bin\sunec.dll
0x00007fffefe10000 - 0x00007fffefe47000 	C:\WINDOWS\SYSTEM32\IPHLPAPI.DLL
0x00007ffff23f0000 - 0x00007ffff23f8000 	C:\WINDOWS\System32\NSI.dll
0x00007fffeaee0000 - 0x00007fffeaef6000 	C:\WINDOWS\SYSTEM32\dhcpcsvc6.DLL
0x00007fffeb2a0000 - 0x00007fffeb2ba000 	C:\WINDOWS\SYSTEM32\dhcpcsvc.DLL
0x00007ffff0210000 - 0x00007ffff0227000 	C:\WINDOWS\SYSTEM32\CRYPTSP.dll
0x00007fffefc90000 - 0x00007fffefcc4000 	C:\WINDOWS\system32\rsaenh.dll
0x00007ffff06f0000 - 0x00007ffff0719000 	C:\WINDOWS\SYSTEM32\USERENV.dll
0x00007ffff0230000 - 0x00007ffff023b000 	C:\WINDOWS\SYSTEM32\CRYPTBASE.dll
0x00007fffefe50000 - 0x00007fffefef4000 	C:\WINDOWS\SYSTEM32\DNSAPI.dll
0x00007fffe1b40000 - 0x00007fffe1b4a000 	C:\Windows\System32\rasadhlp.dll
0x00007fffe92d0000 - 0x00007fffe933b000 	C:\WINDOWS\System32\fwpuclnt.dll
0x0000000071b40000 - 0x0000000071b4b000 	C:\Program Files\Java\jdk1.8.0_131\jre\bin\sunmscapi.dll
0x00007ffff1660000 - 0x00007ffff1829000 	C:\WINDOWS\System32\CRYPT32.dll
0x00007ffff07e0000 - 0x00007ffff07f1000 	C:\WINDOWS\System32\MSASN1.dll
0x00007fffea7b0000 - 0x00007fffea959000 	C:\WINDOWS\SYSTEM32\dbghelp.dll

VM Arguments:
java_command: com.gotkcups.postman.Main
java_class_path (initial): C:\Users\Ricardo\Documents\NetBeansProjects\Postman\target\classes;C:\Users\Ricardo\.m2\repository\org\apache\httpcomponents\httpclient\4.5.3\httpclient-4.5.3.jar;C:\Users\Ricardo\.m2\repository\org\apache\httpcomponents\httpcore\4.4.6\httpcore-4.4.6.jar;C:\Users\Ricardo\.m2\repository\commons-logging\commons-logging\1.2\commons-logging-1.2.jar;C:\Users\Ricardo\.m2\repository\commons-codec\commons-codec\1.9\commons-codec-1.9.jar;C:\Users\Ricardo\.m2\repository\org\mongodb\mongo-java-driver\3.4.2\mongo-java-driver-3.4.2.jar;C:\Users\Ricardo\.m2\repository\com\gotkcups\invupdates\0.0.1-SNAPSHOT\invupdates-0.0.1-SNAPSHOT.jar;C:\Users\Ricardo\.m2\repository\org\springframework\boot\spring-boot-starter-jersey\1.5.6.RELEASE\spring-boot-starter-jersey-1.5.6.RELEASE.jar;C:\Users\Ricardo\.m2\repository\org\springframework\boot\spring-boot-starter\1.5.6.RELEASE\spring-boot-starter-1.5.6.RELEASE.jar;C:\Users\Ricardo\.m2\repository\org\springframework\boot\spring-boot\1.5.6.RELEASE\spring-boot-1.5.6.RELEASE.jar;C:\Users\Ricardo\.m2\repository\org\springframework\boot\spring-boot-autoconfigure\1.5.6.RELEASE\spring-boot-autoconfigure-1.5.6.RELEASE.jar;C:\Users\Ricardo\.m2\repository\org\springframework\boot\spring-boot-starter-logging\1.5.6.RELEASE\spring-boot-starter-logging-1.5.6.RELEASE.jar;C:\Users\Ricardo\.m2\repository\ch\qos\logback\logback-classic\1.1.11\logback-classic-1.1.11.jar;C:\Users\Ricardo\.m2\repository\ch\qos\logback\logback-core\1.1.11\logback-core-1.1.11.jar;C:\Users\Ricardo\.m2\repository\org\slf4j\jcl-over-slf4j\1.7.25\jcl-over-slf4j-1.7.25.jar;C:\Users\Ricardo\.m2\repository\org\slf4j\jul-to-slf4j\1.7.25\jul-to-slf4j-1.7.25.jar;C:\Users\Ricardo\.m2\repository\org\slf4j\log4j-over-slf4j\1.7.25\log4j-over-slf4j-1.7.25.jar;C:\Users\Ricardo\.m2\repository\org\springframework\spring-core\4.3.10.RELEASE\spring-core-4.3.10.RELEASE.jar;C:\Users\Ricardo\.m2\repository\org\yaml\snakeyaml\1.17\snakeyaml-1.17.jar;C:\Users\Ricardo\.m2\reposi
Launcher Type: SUN_STANDARD

Environment Variables:
JAVA_HOME=C:\Program Files\Java\jdk1.8.0_131
PATH=C:\ProgramData\Oracle\Java\javapath;C:\WINDOWS\system32;C:\WINDOWS;C:\WINDOWS\System32\Wbem;C:\WINDOWS\System32\WindowsPowerShell\v1.0\;C:\Program Files\PuTTY\;C:\Users\Ricardo\AppData\Local\Microsoft\WindowsApps;
USERNAME=Ricardo
OS=Windows_NT
PROCESSOR_IDENTIFIER=Intel64 Family 6 Model 69 Stepping 1, GenuineIntel



---------------  S Y S T E M  ---------------

OS: Windows 10.0 , 64 bit Build 15063 (10.0.15063.296)

CPU:total 4 (initial active 4) (2 cores per cpu, 2 threads per core) family 6 model 69 stepping 1, cmov, cx8, fxsr, mmx, sse, sse2, sse3, ssse3, sse4.1, sse4.2, popcnt, avx, avx2, aes, clmul, erms, lzcnt, ht, tsc, tscinvbit, bmi1, bmi2

Memory: 4k page, physical 8291400k(526736k free), swap 16791412k(2435684k free)

vm_info: Java HotSpot(TM) 64-Bit Server VM (25.131-b11) for windows-amd64 JRE (1.8.0_131-b11), built on Mar 15 2017 01:23:53 by "java_re" with MS VC++ 10.0 (VS2010)

time: Sun Sep 10 09:55:25 2017
elapsed time: 228741 seconds (2d 15h 32m 21s)

